<?xml version="1.0" encoding="UTF-8"?>
<!-- Generated by org.testng.reporters.JUnitXMLReporter -->
<testsuite hostname="EPINPUNW069E" ignored="2" name="Test" tests="2" failures="0" timestamp="2024-06-03T01:06:15 IST" time="0.035" errors="0">
  <testcase name="buidingTheProject" time="0.01" classname="Tests.MultibranchTest"/>
  <testcase name="measuringPerformance" time="0.0" classname="Tests.MultibranchTest"/>
  <testcase name="acceptanceTestsCheck" time="0.0" classname="Tests.MultibranchTest">
    <ignored/>
  </testcase> <!-- acceptanceTestsCheck -->
  <testcase name="checkExecutionTestResults" time="0.0" classname="Tests.MultibranchTest">
    <ignored/>
  </testcase> <!-- checkExecutionTestResults -->
</testsuite> <!-- Test -->
